<?xml version="1.0" encoding="UTF-8"?>
<!-- Generated by org.testng.reporters.JUnitXMLReporter -->
<testsuite hostname="DESKTOP-GFU6O22" ignored="1" name="Default test" tests="1" failures="0" timestamp="2021-01-13T14:46:13 IST" time="19.51" errors="0">
  <testcase name="Verify_Group_based_display_of_companies" time="7.261" classname="selenium.sample.WebTable2"/>
  <testcase name="NumberOfColumnsTest" time="0.0" classname="selenium.sample.WebTable2">
    <ignored/>
  </testcase> <!-- NumberOfColumnsTest -->
</testsuite> <!-- Default test -->
