<?xml version="1.0" encoding="UTF-8"?>
<testng-results skipped="0" failed="0" ignored="1" total="2" passed="1">
  <reporter-output>
  </reporter-output>
  <suite name="Default suite" duration-ms="19510" started-at="2021-01-13T14:45:53 IST" finished-at="2021-01-13T14:46:13 IST">
    <groups>
    </groups>
    <test name="Default test" duration-ms="19510" started-at="2021-01-13T14:45:53 IST" finished-at="2021-01-13T14:46:13 IST">
      <class name="selenium.sample.WebTable2">
        <test-method status="PASS" signature="setUp()[pri:0, instance:selenium.sample.WebTable2@1ee807c6]" name="setUp" is-config="true" duration-ms="12220" started-at="2021-01-13T14:45:53 IST" finished-at="2021-01-13T14:46:05 IST">
          <reporter-output>
          </reporter-output>
        </test-method> <!-- setUp -->
        <test-method status="PASS" signature="Verify_Group_based_display_of_companies()[pri:0, instance:selenium.sample.WebTable2@1ee807c6]" name="Verify_Group_based_display_of_companies" duration-ms="7261" started-at="2021-01-13T14:46:05 IST" finished-at="2021-01-13T14:46:13 IST">
          <reporter-output>
          </reporter-output>
        </test-method> <!-- Verify_Group_based_display_of_companies -->
      </class> <!-- selenium.sample.WebTable2 -->
    </test> <!-- Default test -->
  </suite> <!-- Default suite -->
</testng-results>
